Tue Mar 14 19:47:23 UTC 2023
MaxEnt version 3.4.3
Reading file absence
readGrid: max memory 518979584, total allocated 81133568, free 75731784, used 5401784, increment 5401784
Reading samples from presence
Read samples: max memory 518979584, total allocated 81133568, free 63879136, used 17254432, increment 11852648
Adding samples to background in feature space
Command line used:  autorun -e output/hw6-output/absence -o output/hw6-output -s output/hw6-output/presence -z
Command line to repeat: java density.MaxEnt nowarnings noprefixes outputdirectory=output/hw6-output samplesfile=output/hw6-output/presence environmentallayers=output/hw6-output/absence autorun novisible
Species: species
Layers: bio1 bio10 bio11 bio12 bio13 bio14 bio15 bio16 bio17 bio18 bio19 bio2 bio3 bio4 bio5 bio6 bio7 bio8 bio9
Layertypes: Continuous Continuous Continuous Continuous Continuous Continuous Continuous Continuous Continuous Continuous Continuous Continuous Continuous Continuous Continuous Continuous Continuous Continuous Continuous
outputdirectory: output/hw6-output
samplesfile: output/hw6-output/presence
environmentallayers: output/hw6-output/absence
autorun: true
visible: false

getSamples: max memory 518979584, total allocated 81133568, free 61605336, used 19528232, increment 2273800
Making features
makeFeatures: max memory 518979584, total allocated 81133568, free 70339216, used 10794352, increment -8733880
species: 
Regularization values: linear/quadratic/product: 0.050, categorical: 0.250, threshold: 1.000, hinge: 0.500
2005 samples
Time since start: 1.091
Density: max memory 518979584, total allocated 81133568, free 58091200, used 23042368, increment 12248016
linearPredictor: max memory 518979584, total allocated 81133568, free 58091200, used 23042368, increment 0
FeaturedSpace: max memory 518979584, total allocated 81133568, free 58091200, used 23042368, increment 0
Sequential: max memory 518979584, total allocated 81133568, free 58091200, used 23042368, increment 0
Initial loss: 8.08886878916199
Time since start: 2.631
380: time = 1.517000 loss = 7.773756
Resulting gain: 0.3151129689583678
Time since start: 4.818
Projecting...
Writing file output/hw6-output/species.csv
Ending
